<?xml version="1.0" encoding="UTF-8"?>
<!-- Generated by org.testng.reporters.JUnitXMLReporter -->
<testsuite hostname="USMUMABASHIR2MB" ignored="0" name="Test" tests="2" failures="1" timestamp="24 May 2021 11:32:19 GMT" time="30.466" errors="0">
  <testcase name="loginTest" time="2.596" classname="com.inetbanking.testCases.TC_LoginTest_001">
    <failure type="junit.framework.AssertionFailedError">
      <![CDATA[junit.framework.AssertionFailedError
at junit.framework.Assert.fail(Assert.java:47)
at junit.framework.Assert.assertTrue(Assert.java:20)
at junit.framework.Assert.assertTrue(Assert.java:27)
at com.inetbanking.testCases.TC_LoginTest_001.loginTest(TC_LoginTest_001.java:44)
... Removed 25 stack frames]]>
    </failure>
  </testcase> <!-- loginTest -->
  <testcase name="addNewCustomer" time="11.898" classname="com.inetbanking.testCases.TC_AddCustomerTest_003"/>
</testsuite> <!-- Test -->
