<?xml version="1.0" encoding="UTF-8"?>
<testng-results skipped="0" failed="0" ignored="0" total="1" passed="1">
  <reporter-output>
  </reporter-output>
  <suite name="Suite" duration-ms="10956" started-at="2021-05-30T14:48:15Z" finished-at="2021-05-30T14:48:26Z">
    <groups>
    </groups>
    <test name="Test" duration-ms="10956" started-at="2021-05-30T14:48:15Z" finished-at="2021-05-30T14:48:26Z">
      <class name="com.inetbanking.testCases.TC_LoginTest_001">
        <test-method status="PASS" signature="setUp(java.lang.String)[pri:0, instance:com.inetbanking.testCases.TC_LoginTest_001@327b636c]" name="setUp" is-config="true" duration-ms="8415" started-at="2021-05-30T14:48:15Z" finished-at="2021-05-30T14:48:24Z">
          <params>
            <param index="0">
              <value>
                <![CDATA[chrome]]>
              </value>
            </param>
          </params>
          <reporter-output>
          </reporter-output>
        </test-method> <!-- setUp -->
        <test-method status="PASS" signature="loginTest()[pri:0, instance:com.inetbanking.testCases.TC_LoginTest_001@327b636c]" name="loginTest" duration-ms="2295" started-at="2021-05-30T14:48:24Z" finished-at="2021-05-30T14:48:26Z">
          <reporter-output>
          </reporter-output>
        </test-method> <!-- loginTest -->
        <test-method status="PASS" signature="tearDown()[pri:0, instance:com.inetbanking.testCases.TC_LoginTest_001@327b636c]" name="tearDown" is-config="true" duration-ms="168" started-at="2021-05-30T14:48:26Z" finished-at="2021-05-30T14:48:26Z">
          <reporter-output>
          </reporter-output>
        </test-method> <!-- tearDown -->
      </class> <!-- com.inetbanking.testCases.TC_LoginTest_001 -->
    </test> <!-- Test -->
  </suite> <!-- Suite -->
</testng-results>
